# JRE version: OpenJDK Runtime Environment Temurin-17.0.10+7 (17.0.10+7) (build 17.0.10+7)
# Java VM: OpenJDK 64-Bit Server VM Temurin-17.0.10+7 (17.0.10+7, mixed mode, tiered, compressed oops, compressed class ptrs, parallel gc, windows-amd64)
GC Precious Log:
 CPUs: 4 total, 4 available
 Memory: 4001M
 Large Page Support: Disabled
 NUMA Support: Disabled
 Compressed Oops: Enabled (32-bit)
 Alignments: Space 512K, Generation 512K, Heap 2M
 Heap Min Capacity: 100M
 Heap Initial Capacity: 100M
 Heap Max Capacity: 1G
 Pre-touch: Disabled
 Parallel Workers: 4
Heap:
 PSYoungGen      total 10752K, used 507K [0x00000000eab00000, 0x00000000eb780000, 0x0000000100000000)
  eden space 10240K, 0% used [0x00000000eab00000,0x00000000eab00000,0x00000000eb500000)
  from space 512K, 99% used [0x00000000eb700000,0x00000000eb77ee78,0x00000000eb780000)
  to   space 1024K, 0% used [0x00000000eb580000,0x00000000eb580000,0x00000000eb680000)
 ParOldGen       total 68608K, used 67493K [0x00000000c0000000, 0x00000000c4300000, 0x00000000eab00000)
  object space 68608K, 98% used [0x00000000c0000000,0x00000000c41e9780,0x00000000c4300000)
 Metaspace       used 74231K, committed 75456K, reserved 1179648K
  class space    used 7696K, committed 8256K, reserved 1048576K
GC Heap History (20 events):
Event: 273.103 GC heap after
{Heap after GC invocations=58 (full 3):
 PSYoungGen      total 11264K, used 288K [0x00000000eab00000, 0x00000000eb800000, 0x0000000100000000)
  eden space 10752K, 0% used [0x00000000eab00000,0x00000000eab00000,0x00000000eb580000)
  from space 512K, 56% used [0x00000000eb580000,0x00000000eb5c8020,0x00000000eb600000)
  to   space 512K, 0% used [0x00000000eb780000,0x00000000eb780000,0x00000000eb800000)
 ParOldGen       total 68608K, used 62666K [0x00000000c0000000, 0x00000000c4300000, 0x00000000eab00000)
  object space 68608K, 91% used [0x00000000c0000000,0x00000000c3d328d8,0x00000000c4300000)
 Metaspace       used 72907K, committed 74176K, reserved 1179648K
  class space    used 7620K, committed 8192K, reserved 1048576K
}
Event: 402.847 GC heap before
{Heap before GC invocations=59 (full 3):
 PSYoungGen      total 11264K, used 11040K [0x00000000eab00000, 0x00000000eb800000, 0x0000000100000000)
  eden space 10752K, 99% used [0x00000000eab00000,0x00000000eb57fff8,0x00000000eb580000)
  from space 512K, 56% used [0x00000000eb580000,0x00000000eb5c8020,0x00000000eb600000)
  to   space 512K, 0% used [0x00000000eb780000,0x00000000eb780000,0x00000000eb800000)
 ParOldGen       total 68608K, used 62666K [0x00000000c0000000, 0x00000000c4300000, 0x00000000eab00000)
  object space 68608K, 91% used [0x00000000c0000000,0x00000000c3d328d8,0x00000000c4300000)
 Metaspace       used 73131K, committed 74368K, reserved 1179648K
  class space    used 7642K, committed 8192K, reserved 1048576K
}
Event: 402.848 GC heap after
{Heap after GC invocations=59 (full 3):
 PSYoungGen      total 11264K, used 315K [0x00000000eab00000, 0x00000000eb800000, 0x0000000100000000)
  eden space 10752K, 0% used [0x00000000eab00000,0x00000000eab00000,0x00000000eb580000)
  from space 512K, 61% used [0x00000000eb780000,0x00000000eb7cee78,0x00000000eb800000)
  to   space 512K, 0% used [0x00000000eb580000,0x00000000eb580000,0x00000000eb600000)
 ParOldGen       total 68608K, used 62690K [0x00000000c0000000, 0x00000000c4300000, 0x00000000eab00000)
  object space 68608K, 91% used [0x00000000c0000000,0x00000000c3d388d8,0x00000000c4300000)
 Metaspace       used 73131K, committed 74368K, reserved 1179648K
  class space    used 7642K, committed 8192K, reserved 1048576K
}
Event: 403.377 GC heap before
{Heap before GC invocations=60 (full 3):
 PSYoungGen      total 11264K, used 11067K [0x00000000eab00000, 0x00000000eb800000, 0x0000000100000000)
  eden space 10752K, 100% used [0x00000000eab00000,0x00000000eb580000,0x00000000eb580000)
  from space 512K, 61% used [0x00000000eb780000,0x00000000eb7cee78,0x00000000eb800000)
  to   space 512K, 0% used [0x00000000eb580000,0x00000000eb580000,0x00000000eb600000)
 ParOldGen       total 68608K, used 62690K [0x00000000c0000000, 0x00000000c4300000, 0x00000000eab00000)
  object space 68608K, 91% used [0x00000000c0000000,0x00000000c3d388d8,0x00000000c4300000)
 Metaspace       used 73349K, committed 74624K, reserved 1179648K
  class space    used 7659K, committed 8256K, reserved 1048576K
}
Event: 403.379 GC heap after
{Heap after GC invocations=60 (full 3):
 PSYoungGen      total 11264K, used 500K [0x00000000eab00000, 0x00000000eb800000, 0x0000000100000000)
  eden space 10752K, 0% used [0x00000000eab00000,0x00000000eab00000,0x00000000eb580000)
  from space 512K, 97% used [0x00000000eb580000,0x00000000eb5fd108,0x00000000eb600000)
  to   space 1024K, 0% used [0x00000000eb700000,0x00000000eb700000,0x00000000eb800000)
 ParOldGen       total 68608K, used 62786K [0x00000000c0000000, 0x00000000c4300000, 0x00000000eab00000)
  object space 68608K, 91% used [0x00000000c0000000,0x00000000c3d508e8,0x00000000c4300000)
 Metaspace       used 73349K, committed 74624K, reserved 1179648K
  class space    used 7659K, committed 8256K, reserved 1048576K
}
Event: 404.185 GC heap before
{Heap before GC invocations=61 (full 3):
 PSYoungGen      total 11264K, used 11252K [0x00000000eab00000, 0x00000000eb800000, 0x0000000100000000)
  eden space 10752K, 99% used [0x00000000eab00000,0x00000000eb57ffe8,0x00000000eb580000)
  from space 512K, 97% used [0x00000000eb580000,0x00000000eb5fd108,0x00000000eb600000)
  to   space 1024K, 0% used [0x00000000eb700000,0x00000000eb700000,0x00000000eb800000)
 ParOldGen       total 68608K, used 62786K [0x00000000c0000000, 0x00000000c4300000, 0x00000000eab00000)
  object space 68608K, 91% used [0x00000000c0000000,0x00000000c3d508e8,0x00000000c4300000)
 Metaspace       used 73449K, committed 74752K, reserved 1179648K
  class space    used 7660K, committed 8256K, reserved 1048576K
}
Event: 404.188 GC heap after
{Heap after GC invocations=61 (full 3):
 PSYoungGen      total 11264K, used 1019K [0x00000000eab00000, 0x00000000eb980000, 0x0000000100000000)
  eden space 10240K, 0% used [0x00000000eab00000,0x00000000eab00000,0x00000000eb500000)
  from space 1024K, 99% used [0x00000000eb700000,0x00000000eb7fee98,0x00000000eb800000)
  to   space 2048K, 0% used [0x00000000eb500000,0x00000000eb500000,0x00000000eb700000)
 ParOldGen       total 68608K, used 63239K [0x00000000c0000000, 0x00000000c4300000, 0x00000000eab00000)
  object space 68608K, 92% used [0x00000000c0000000,0x00000000c3dc1c38,0x00000000c4300000)
 Metaspace       used 73449K, committed 74752K, reserved 1179648K
  class space    used 7660K, committed 8256K, reserved 1048576K
}
Event: 404.641 GC heap before
{Heap before GC invocations=62 (full 3):
 PSYoungGen      total 11264K, used 11259K [0x00000000eab00000, 0x00000000eb980000, 0x0000000100000000)
  eden space 10240K, 100% used [0x00000000eab00000,0x00000000eb500000,0x00000000eb500000)
  from space 1024K, 99% used [0x00000000eb700000,0x00000000eb7fee98,0x00000000eb800000)
  to   space 2048K, 0% used [0x00000000eb500000,0x00000000eb500000,0x00000000eb700000)
 ParOldGen       total 68608K, used 63239K [0x00000000c0000000, 0x00000000c4300000, 0x00000000eab00000)
  object space 68608K, 92% used [0x00000000c0000000,0x00000000c3dc1c38,0x00000000c4300000)
 Metaspace       used 73601K, committed 74880K, reserved 1179648K
  class space    used 7660K, committed 8256K, reserved 1048576K
}
Event: 404.643 GC heap after
{Heap after GC invocations=62 (full 3):
 PSYoungGen      total 11264K, used 992K [0x00000000eab00000, 0x00000000eb800000, 0x0000000100000000)
  eden space 10240K, 0% used [0x00000000eab00000,0x00000000eab00000,0x00000000eb500000)
  from space 1024K, 96% used [0x00000000eb500000,0x00000000eb5f8000,0x00000000eb600000)
  to   space 1536K, 0% used [0x00000000eb680000,0x00000000eb680000,0x00000000eb800000)
 ParOldGen       total 68608K, used 64201K [0x00000000c0000000, 0x00000000c4300000, 0x00000000eab00000)
  object space 68608K, 93% used [0x00000000c0000000,0x00000000c3eb2530,0x00000000c4300000)
 Metaspace       used 73601K, committed 74880K, reserved 1179648K
  class space    used 7660K, committed 8256K, reserved 1048576K
}
Event: 404.755 GC heap before
{Heap before GC invocations=63 (full 3):
 PSYoungGen      total 11264K, used 11232K [0x00000000eab00000, 0x00000000eb800000, 0x0000000100000000)
  eden space 10240K, 100% used [0x00000000eab00000,0x00000000eb500000,0x00000000eb500000)
  from space 1024K, 96% used [0x00000000eb500000,0x00000000eb5f8000,0x00000000eb600000)
  to   space 1536K, 0% used [0x00000000eb680000,0x00000000eb680000,0x00000000eb800000)
 ParOldGen       total 68608K, used 64201K [0x00000000c0000000, 0x00000000c4300000, 0x00000000eab00000)
  object space 68608K, 93% used [0x00000000c0000000,0x00000000c3eb2530,0x00000000c4300000)
 Metaspace       used 73657K, committed 74944K, reserved 1179648K
  class space    used 7660K, committed 8256K, reserved 1048576K
}
Event: 404.758 GC heap after
{Heap after GC invocations=63 (full 3):
 PSYoungGen      total 10752K, used 279K [0x00000000eab00000, 0x00000000eb700000, 0x0000000100000000)
  eden space 10240K, 0% used [0x00000000eab00000,0x00000000eab00000,0x00000000eb500000)
  from space 512K, 54% used [0x00000000eb680000,0x00000000eb6c5cd0,0x00000000eb700000)
  to   space 1024K, 0% used [0x00000000eb500000,0x00000000eb500000,0x00000000eb600000)
 ParOldGen       total 68608K, used 65253K [0x00000000c0000000, 0x00000000c4300000, 0x00000000eab00000)
  object space 68608K, 95% used [0x00000000c0000000,0x00000000c3fb95c0,0x00000000c4300000)
 Metaspace       used 73657K, committed 74944K, reserved 1179648K
  class space    used 7660K, committed 8256K, reserved 1048576K
}
Event: 410.650 GC heap before
{Heap before GC invocations=64 (full 3):
 PSYoungGen      total 10752K, used 10519K [0x00000000eab00000, 0x00000000eb700000, 0x0000000100000000)
  eden space 10240K, 100% used [0x00000000eab00000,0x00000000eb500000,0x00000000eb500000)
  from space 512K, 54% used [0x00000000eb680000,0x00000000eb6c5cd0,0x00000000eb700000)
  to   space 1024K, 0% used [0x00000000eb500000,0x00000000eb500000,0x00000000eb600000)
 ParOldGen       total 68608K, used 65253K [0x00000000c0000000, 0x00000000c4300000, 0x00000000eab00000)
  object space 68608K, 95% used [0x00000000c0000000,0x00000000c3fb95c0,0x00000000c4300000)
 Metaspace       used 73735K, committed 75008K, reserved 1179648K
  class space    used 7660K, committed 8256K, reserved 1048576K
}
Event: 410.653 GC heap after
{Heap after GC invocations=64 (full 3):
 PSYoungGen      total 11264K, used 443K [0x00000000eab00000, 0x00000000eb700000, 0x0000000100000000)
  eden space 10240K, 0% used [0x00000000eab00000,0x00000000eab00000,0x00000000eb500000)
  from space 1024K, 43% used [0x00000000eb500000,0x00000000eb56ee78,0x00000000eb600000)
  to   space 512K, 0% used [0x00000000eb680000,0x00000000eb680000,0x00000000eb700000)
 ParOldGen       total 68608K, used 65385K [0x00000000c0000000, 0x00000000c4300000, 0x00000000eab00000)
  object space 68608K, 95% used [0x00000000c0000000,0x00000000c3fda438,0x00000000c4300000)
 Metaspace       used 73735K, committed 75008K, reserved 1179648K
  class space    used 7660K, committed 8256K, reserved 1048576K
}
Event: 425.671 GC heap before
{Heap before GC invocations=65 (full 3):
 PSYoungGen      total 11264K, used 10683K [0x00000000eab00000, 0x00000000eb700000, 0x0000000100000000)
  eden space 10240K, 100% used [0x00000000eab00000,0x00000000eb500000,0x00000000eb500000)
  from space 1024K, 43% used [0x00000000eb500000,0x00000000eb56ee78,0x00000000eb600000)
  to   space 512K, 0% used [0x00000000eb680000,0x00000000eb680000,0x00000000eb700000)
 ParOldGen       total 68608K, used 65385K [0x00000000c0000000, 0x00000000c4300000, 0x00000000eab00000)
  object space 68608K, 95% used [0x00000000c0000000,0x00000000c3fda438,0x00000000c4300000)
 Metaspace       used 74019K, committed 75264K, reserved 1179648K
  class space    used 7693K, committed 8256K, reserved 1048576K
}
Event: 425.674 GC heap after
{Heap after GC invocations=65 (full 3):
 PSYoungGen      total 10752K, used 507K [0x00000000eab00000, 0x00000000eb700000, 0x0000000100000000)
  eden space 10240K, 0% used [0x00000000eab00000,0x00000000eab00000,0x00000000eb500000)
  from space 512K, 99% used [0x00000000eb680000,0x00000000eb6fede8,0x00000000eb700000)
  to   space 1024K, 0% used [0x00000000eb500000,0x00000000eb500000,0x00000000eb600000)
 ParOldGen       total 68608K, used 65777K [0x00000000c0000000, 0x00000000c4300000, 0x00000000eab00000)
  object space 68608K, 95% used [0x00000000c0000000,0x00000000c403c468,0x00000000c4300000)
 Metaspace       used 74019K, committed 75264K, reserved 1179648K
  class space    used 7693K, committed 8256K, reserved 1048576K
}
Event: 425.812 GC heap before
{Heap before GC invocations=66 (full 3):
 PSYoungGen      total 10752K, used 10747K [0x00000000eab00000, 0x00000000eb700000, 0x0000000100000000)
  eden space 10240K, 100% used [0x00000000eab00000,0x00000000eb500000,0x00000000eb500000)
  from space 512K, 99% used [0x00000000eb680000,0x00000000eb6fede8,0x00000000eb700000)
  to   space 1024K, 0% used [0x00000000eb500000,0x00000000eb500000,0x00000000eb600000)
 ParOldGen       total 68608K, used 65777K [0x00000000c0000000, 0x00000000c4300000, 0x00000000eab00000)
  object space 68608K, 95% used [0x00000000c0000000,0x00000000c403c468,0x00000000c4300000)
 Metaspace       used 74144K, committed 75392K, reserved 1179648K
  class space    used 7693K, committed 8256K, reserved 1048576K
}
Event: 425.815 GC heap after
{Heap after GC invocations=66 (full 3):
 PSYoungGen      total 11264K, used 1024K [0x00000000eab00000, 0x00000000eb900000, 0x0000000100000000)
  eden space 10240K, 0% used [0x00000000eab00000,0x00000000eab00000,0x00000000eb500000)
  from space 1024K, 100% used [0x00000000eb500000,0x00000000eb600000,0x00000000eb600000)
  to   space 2048K, 0% used [0x00000000eb700000,0x00000000eb700000,0x00000000eb900000)
 ParOldGen       total 68608K, used 66385K [0x00000000c0000000, 0x00000000c4300000, 0x00000000eab00000)
  object space 68608K, 96% used [0x00000000c0000000,0x00000000c40d46e0,0x00000000c4300000)
 Metaspace       used 74144K, committed 75392K, reserved 1179648K
  class space    used 7693K, committed 8256K, reserved 1048576K
}
Event: 426.180 GC heap before
{Heap before GC invocations=67 (full 3):
 PSYoungGen      total 11264K, used 11264K [0x00000000eab00000, 0x00000000eb900000, 0x0000000100000000)
  eden space 10240K, 100% used [0x00000000eab00000,0x00000000eb500000,0x00000000eb500000)
  from space 1024K, 100% used [0x00000000eb500000,0x00000000eb600000,0x00000000eb600000)
  to   space 2048K, 0% used [0x00000000eb700000,0x00000000eb700000,0x00000000eb900000)
 ParOldGen       total 68608K, used 66385K [0x00000000c0000000, 0x00000000c4300000, 0x00000000eab00000)
  object space 68608K, 96% used [0x00000000c0000000,0x00000000c40d46e0,0x00000000c4300000)
 Metaspace       used 74231K, committed 75456K, reserved 1179648K
  class space    used 7696K, committed 8256K, reserved 1048576K
}
Event: 426.183 GC heap after
{Heap after GC invocations=67 (full 3):
 PSYoungGen      total 10752K, used 507K [0x00000000eab00000, 0x00000000eb780000, 0x0000000100000000)
  eden space 10240K, 0% used [0x00000000eab00000,0x00000000eab00000,0x00000000eb500000)
  from space 512K, 99% used [0x00000000eb700000,0x00000000eb77ee78,0x00000000eb780000)
  to   space 1024K, 0% used [0x00000000eb580000,0x00000000eb580000,0x00000000eb680000)
 ParOldGen       total 68608K, used 67493K [0x00000000c0000000, 0x00000000c4300000, 0x00000000eab00000)
  object space 68608K, 98% used [0x00000000c0000000,0x00000000c41e9780,0x00000000c4300000)
 Metaspace       used 74231K, committed 75456K, reserved 1179648K
  class space    used 7696K, committed 8256K, reserved 1048576K
}
Event: 426.185 GC heap before
{Heap before GC invocations=68 (full 4):
 PSYoungGen      total 10752K, used 507K [0x00000000eab00000, 0x00000000eb780000, 0x0000000100000000)
  eden space 10240K, 0% used [0x00000000eab00000,0x00000000eab00000,0x00000000eb500000)
  from space 512K, 99% used [0x00000000eb700000,0x00000000eb77ee78,0x00000000eb780000)
  to   space 1024K, 0% used [0x00000000eb580000,0x00000000eb580000,0x00000000eb680000)
 ParOldGen       total 68608K, used 67493K [0x00000000c0000000, 0x00000000c4300000, 0x00000000eab00000)
  object space 68608K, 98% used [0x00000000c0000000,0x00000000c41e9780,0x00000000c4300000)
 Metaspace       used 74231K, committed 75456K, reserved 1179648K
  class space    used 7696K, committed 8256K, reserved 1048576K
}

