# JRE version: OpenJDK Runtime Environment Temurin-17.0.10+7 (17.0.10+7) (build 17.0.10+7)
# Java VM: OpenJDK 64-Bit Server VM Temurin-17.0.10+7 (17.0.10+7, mixed mode, tiered, compressed oops, compressed class ptrs, parallel gc, windows-amd64)
GC Precious Log:
 CPUs: 4 total, 4 available
 Memory: 4001M
 Large Page Support: Disabled
 NUMA Support: Disabled
 Compressed Oops: Enabled (32-bit)
 Alignments: Space 512K, Generation 512K, Heap 2M
 Heap Min Capacity: 100M
 Heap Initial Capacity: 100M
 Heap Max Capacity: 1G
 Pre-touch: Disabled
 Parallel Workers: 4
Heap:
 PSYoungGen      total 2048K, used 715K [0x00000000eab00000, 0x00000000eaf80000, 0x0000000100000000)
  eden space 1024K, 0% used [0x00000000eab00000,0x00000000eab00000,0x00000000eac00000)
  from space 1024K, 69% used [0x00000000eac00000,0x00000000eacb2e88,0x00000000ead00000)
  to   space 1536K, 0% used [0x00000000eae00000,0x00000000eae00000,0x00000000eaf80000)
 ParOldGen       total 122368K, used 120950K [0x00000000c0000000, 0x00000000c7780000, 0x00000000eab00000)
  object space 122368K, 98% used [0x00000000c0000000,0x00000000c761dad8,0x00000000c7780000)
 Metaspace       used 73455K, committed 74752K, reserved 1179648K
  class space    used 7633K, committed 8192K, reserved 1048576K
GC Heap History (20 events):
Event: 634.417 GC heap after
{Heap after GC invocations=89 (full 5):
 PSYoungGen      total 4096K, used 2336K [0x00000000eab00000, 0x00000000eb280000, 0x0000000100000000)
  eden space 1536K, 0% used [0x00000000eab00000,0x00000000eab00000,0x00000000eac80000)
  from space 2560K, 91% used [0x00000000eb000000,0x00000000eb248118,0x00000000eb280000)
  to   space 3072K, 0% used [0x00000000eac80000,0x00000000eac80000,0x00000000eaf80000)
 ParOldGen       total 122368K, used 117814K [0x00000000c0000000, 0x00000000c7780000, 0x00000000eab00000)
  object space 122368K, 96% used [0x00000000c0000000,0x00000000c730d9c0,0x00000000c7780000)
 Metaspace       used 73229K, committed 74496K, reserved 1179648K
  class space    used 7619K, committed 8192K, reserved 1048576K
}
Event: 935.206 GC heap before
{Heap before GC invocations=90 (full 5):
 PSYoungGen      total 4096K, used 3866K [0x00000000eab00000, 0x00000000eb280000, 0x0000000100000000)
  eden space 1536K, 99% used [0x00000000eab00000,0x00000000eac7e728,0x00000000eac80000)
  from space 2560K, 91% used [0x00000000eb000000,0x00000000eb248118,0x00000000eb280000)
  to   space 3072K, 0% used [0x00000000eac80000,0x00000000eac80000,0x00000000eaf80000)
 ParOldGen       total 122368K, used 117814K [0x00000000c0000000, 0x00000000c7780000, 0x00000000eab00000)
  object space 122368K, 96% used [0x00000000c0000000,0x00000000c730d9c0,0x00000000c7780000)
 Metaspace       used 73258K, committed 74496K, reserved 1179648K
  class space    used 7620K, committed 8192K, reserved 1048576K
}
Event: 935.209 GC heap after
{Heap after GC invocations=90 (full 5):
 PSYoungGen      total 4096K, used 2272K [0x00000000eab00000, 0x00000000eb180000, 0x0000000100000000)
  eden space 1536K, 0% used [0x00000000eab00000,0x00000000eab00000,0x00000000eac80000)
  from space 2560K, 88% used [0x00000000eac80000,0x00000000eaeb8000,0x00000000eaf00000)
  to   space 2560K, 0% used [0x00000000eaf00000,0x00000000eaf00000,0x00000000eb180000)
 ParOldGen       total 122368K, used 118662K [0x00000000c0000000, 0x00000000c7780000, 0x00000000eab00000)
  object space 122368K, 96% used [0x00000000c0000000,0x00000000c73e1ad8,0x00000000c7780000)
 Metaspace       used 73258K, committed 74496K, reserved 1179648K
  class space    used 7620K, committed 8192K, reserved 1048576K
}
Event: 935.239 GC heap before
{Heap before GC invocations=91 (full 5):
 PSYoungGen      total 4096K, used 3808K [0x00000000eab00000, 0x00000000eb180000, 0x0000000100000000)
  eden space 1536K, 100% used [0x00000000eab00000,0x00000000eac80000,0x00000000eac80000)
  from space 2560K, 88% used [0x00000000eac80000,0x00000000eaeb8000,0x00000000eaf00000)
  to   space 2560K, 0% used [0x00000000eaf00000,0x00000000eaf00000,0x00000000eb180000)
 ParOldGen       total 122368K, used 118662K [0x00000000c0000000, 0x00000000c7780000, 0x00000000eab00000)
  object space 122368K, 96% used [0x00000000c0000000,0x00000000c73e1ad8,0x00000000c7780000)
 Metaspace       used 73278K, committed 74496K, reserved 1179648K
  class space    used 7622K, committed 8192K, reserved 1048576K
}
Event: 935.243 GC heap after
{Heap after GC invocations=91 (full 5):
 PSYoungGen      total 4096K, used 2304K [0x00000000eab00000, 0x00000000eb180000, 0x0000000100000000)
  eden space 1536K, 0% used [0x00000000eab00000,0x00000000eab00000,0x00000000eac80000)
  from space 2560K, 90% used [0x00000000eaf00000,0x00000000eb140000,0x00000000eb180000)
  to   space 2560K, 0% used [0x00000000eac80000,0x00000000eac80000,0x00000000eaf00000)
 ParOldGen       total 122368K, used 118670K [0x00000000c0000000, 0x00000000c7780000, 0x00000000eab00000)
  object space 122368K, 96% used [0x00000000c0000000,0x00000000c73e3ad8,0x00000000c7780000)
 Metaspace       used 73278K, committed 74496K, reserved 1179648K
  class space    used 7622K, committed 8192K, reserved 1048576K
}
Event: 935.313 GC heap before
{Heap before GC invocations=92 (full 5):
 PSYoungGen      total 4096K, used 3840K [0x00000000eab00000, 0x00000000eb180000, 0x0000000100000000)
  eden space 1536K, 100% used [0x00000000eab00000,0x00000000eac80000,0x00000000eac80000)
  from space 2560K, 90% used [0x00000000eaf00000,0x00000000eb140000,0x00000000eb180000)
  to   space 2560K, 0% used [0x00000000eac80000,0x00000000eac80000,0x00000000eaf00000)
 ParOldGen       total 122368K, used 118670K [0x00000000c0000000, 0x00000000c7780000, 0x00000000eab00000)
  object space 122368K, 96% used [0x00000000c0000000,0x00000000c73e3ad8,0x00000000c7780000)
 Metaspace       used 73291K, committed 74496K, reserved 1179648K
  class space    used 7622K, committed 8192K, reserved 1048576K
}
Event: 935.317 GC heap after
{Heap after GC invocations=92 (full 5):
 PSYoungGen      total 4096K, used 2523K [0x00000000eab00000, 0x00000000eb280000, 0x0000000100000000)
  eden space 1536K, 0% used [0x00000000eab00000,0x00000000eab00000,0x00000000eac80000)
  from space 2560K, 98% used [0x00000000eac80000,0x00000000eaef6e78,0x00000000eaf00000)
  to   space 3072K, 0% used [0x00000000eaf80000,0x00000000eaf80000,0x00000000eb280000)
 ParOldGen       total 122368K, used 118670K [0x00000000c0000000, 0x00000000c7780000, 0x00000000eab00000)
  object space 122368K, 96% used [0x00000000c0000000,0x00000000c73e3ad8,0x00000000c7780000)
 Metaspace       used 73291K, committed 74496K, reserved 1179648K
  class space    used 7622K, committed 8192K, reserved 1048576K
}
Event: 935.345 GC heap before
{Heap before GC invocations=93 (full 5):
 PSYoungGen      total 4096K, used 4059K [0x00000000eab00000, 0x00000000eb280000, 0x0000000100000000)
  eden space 1536K, 100% used [0x00000000eab00000,0x00000000eac80000,0x00000000eac80000)
  from space 2560K, 98% used [0x00000000eac80000,0x00000000eaef6e78,0x00000000eaf00000)
  to   space 3072K, 0% used [0x00000000eaf80000,0x00000000eaf80000,0x00000000eb280000)
 ParOldGen       total 122368K, used 118670K [0x00000000c0000000, 0x00000000c7780000, 0x00000000eab00000)
  object space 122368K, 96% used [0x00000000c0000000,0x00000000c73e3ad8,0x00000000c7780000)
 Metaspace       used 73301K, committed 74496K, reserved 1179648K
  class space    used 7622K, committed 8192K, reserved 1048576K
}
Event: 935.348 GC heap after
{Heap after GC invocations=93 (full 5):
 PSYoungGen      total 4096K, used 2491K [0x00000000eab00000, 0x00000000eb200000, 0x0000000100000000)
  eden space 1536K, 0% used [0x00000000eab00000,0x00000000eab00000,0x00000000eac80000)
  from space 2560K, 97% used [0x00000000eaf80000,0x00000000eb1eee78,0x00000000eb200000)
  to   space 2560K, 0% used [0x00000000eac80000,0x00000000eac80000,0x00000000eaf00000)
 ParOldGen       total 122368K, used 118670K [0x00000000c0000000, 0x00000000c7780000, 0x00000000eab00000)
  object space 122368K, 96% used [0x00000000c0000000,0x00000000c73e3ad8,0x00000000c7780000)
 Metaspace       used 73301K, committed 74496K, reserved 1179648K
  class space    used 7622K, committed 8192K, reserved 1048576K
}
Event: 935.515 GC heap before
{Heap before GC invocations=94 (full 5):
 PSYoungGen      total 4096K, used 4027K [0x00000000eab00000, 0x00000000eb200000, 0x0000000100000000)
  eden space 1536K, 100% used [0x00000000eab00000,0x00000000eac80000,0x00000000eac80000)
  from space 2560K, 97% used [0x00000000eaf80000,0x00000000eb1eee78,0x00000000eb200000)
  to   space 2560K, 0% used [0x00000000eac80000,0x00000000eac80000,0x00000000eaf00000)
 ParOldGen       total 122368K, used 118670K [0x00000000c0000000, 0x00000000c7780000, 0x00000000eab00000)
  object space 122368K, 96% used [0x00000000c0000000,0x00000000c73e3ad8,0x00000000c7780000)
 Metaspace       used 73329K, committed 74560K, reserved 1179648K
  class space    used 7622K, committed 8192K, reserved 1048576K
}
Event: 935.518 GC heap after
{Heap after GC invocations=94 (full 5):
 PSYoungGen      total 4096K, used 2464K [0x00000000eab00000, 0x00000000eb180000, 0x0000000100000000)
  eden space 1536K, 0% used [0x00000000eab00000,0x00000000eab00000,0x00000000eac80000)
  from space 2560K, 96% used [0x00000000eac80000,0x00000000eaee8020,0x00000000eaf00000)
  to   space 2560K, 0% used [0x00000000eaf00000,0x00000000eaf00000,0x00000000eb180000)
 ParOldGen       total 122368K, used 118678K [0x00000000c0000000, 0x00000000c7780000, 0x00000000eab00000)
  object space 122368K, 96% used [0x00000000c0000000,0x00000000c73e5ad8,0x00000000c7780000)
 Metaspace       used 73329K, committed 74560K, reserved 1179648K
  class space    used 7622K, committed 8192K, reserved 1048576K
}
Event: 935.552 GC heap before
{Heap before GC invocations=95 (full 5):
 PSYoungGen      total 4096K, used 4000K [0x00000000eab00000, 0x00000000eb180000, 0x0000000100000000)
  eden space 1536K, 100% used [0x00000000eab00000,0x00000000eac80000,0x00000000eac80000)
  from space 2560K, 96% used [0x00000000eac80000,0x00000000eaee8020,0x00000000eaf00000)
  to   space 2560K, 0% used [0x00000000eaf00000,0x00000000eaf00000,0x00000000eb180000)
 ParOldGen       total 122368K, used 118678K [0x00000000c0000000, 0x00000000c7780000, 0x00000000eab00000)
  object space 122368K, 96% used [0x00000000c0000000,0x00000000c73e5ad8,0x00000000c7780000)
 Metaspace       used 73333K, committed 74560K, reserved 1179648K
  class space    used 7622K, committed 8192K, reserved 1048576K
}
Event: 935.557 GC heap after
{Heap after GC invocations=95 (full 5):
 PSYoungGen      total 4096K, used 2491K [0x00000000eab00000, 0x00000000eb180000, 0x0000000100000000)
  eden space 1536K, 0% used [0x00000000eab00000,0x00000000eab00000,0x00000000eac80000)
  from space 2560K, 97% used [0x00000000eaf00000,0x00000000eb16ee78,0x00000000eb180000)
  to   space 2560K, 0% used [0x00000000eac80000,0x00000000eac80000,0x00000000eaf00000)
 ParOldGen       total 122368K, used 118678K [0x00000000c0000000, 0x00000000c7780000, 0x00000000eab00000)
  object space 122368K, 96% used [0x00000000c0000000,0x00000000c73e5ad8,0x00000000c7780000)
 Metaspace       used 73333K, committed 74560K, reserved 1179648K
  class space    used 7622K, committed 8192K, reserved 1048576K
}
Event: 935.648 GC heap before
{Heap before GC invocations=96 (full 5):
 PSYoungGen      total 4096K, used 4027K [0x00000000eab00000, 0x00000000eb180000, 0x0000000100000000)
  eden space 1536K, 100% used [0x00000000eab00000,0x00000000eac80000,0x00000000eac80000)
  from space 2560K, 97% used [0x00000000eaf00000,0x00000000eb16ee78,0x00000000eb180000)
  to   space 2560K, 0% used [0x00000000eac80000,0x00000000eac80000,0x00000000eaf00000)
 ParOldGen       total 122368K, used 118678K [0x00000000c0000000, 0x00000000c7780000, 0x00000000eab00000)
  object space 122368K, 96% used [0x00000000c0000000,0x00000000c73e5ad8,0x00000000c7780000)
 Metaspace       used 73418K, committed 74688K, reserved 1179648K
  class space    used 7628K, committed 8192K, reserved 1048576K
}
Event: 935.652 GC heap after
{Heap after GC invocations=96 (full 5):
 PSYoungGen      total 4096K, used 2299K [0x00000000eab00000, 0x00000000eb180000, 0x0000000100000000)
  eden space 1536K, 0% used [0x00000000eab00000,0x00000000eab00000,0x00000000eac80000)
  from space 2560K, 89% used [0x00000000eac80000,0x00000000eaebee58,0x00000000eaf00000)
  to   space 2560K, 0% used [0x00000000eaf00000,0x00000000eaf00000,0x00000000eb180000)
 ParOldGen       total 122368K, used 118678K [0x00000000c0000000, 0x00000000c7780000, 0x00000000eab00000)
  object space 122368K, 96% used [0x00000000c0000000,0x00000000c73e5ad8,0x00000000c7780000)
 Metaspace       used 73418K, committed 74688K, reserved 1179648K
  class space    used 7628K, committed 8192K, reserved 1048576K
}
Event: 935.745 GC heap before
{Heap before GC invocations=97 (full 5):
 PSYoungGen      total 4096K, used 3835K [0x00000000eab00000, 0x00000000eb180000, 0x0000000100000000)
  eden space 1536K, 100% used [0x00000000eab00000,0x00000000eac80000,0x00000000eac80000)
  from space 2560K, 89% used [0x00000000eac80000,0x00000000eaebee58,0x00000000eaf00000)
  to   space 2560K, 0% used [0x00000000eaf00000,0x00000000eaf00000,0x00000000eb180000)
 ParOldGen       total 122368K, used 118678K [0x00000000c0000000, 0x00000000c7780000, 0x00000000eab00000)
  object space 122368K, 96% used [0x00000000c0000000,0x00000000c73e5ad8,0x00000000c7780000)
 Metaspace       used 73448K, committed 74752K, reserved 1179648K
  class space    used 7633K, committed 8192K, reserved 1048576K
}
Event: 935.748 GC heap after
{Heap after GC invocations=97 (full 5):
 PSYoungGen      total 3584K, used 2551K [0x00000000eab00000, 0x00000000eb280000, 0x0000000100000000)
  eden space 1024K, 0% used [0x00000000eab00000,0x00000000eab00000,0x00000000eac00000)
  from space 2560K, 99% used [0x00000000eaf00000,0x00000000eb17dcd0,0x00000000eb180000)
  to   space 3072K, 0% used [0x00000000eac00000,0x00000000eac00000,0x00000000eaf00000)
 ParOldGen       total 122368K, used 118798K [0x00000000c0000000, 0x00000000c7780000, 0x00000000eab00000)
  object space 122368K, 97% used [0x00000000c0000000,0x00000000c7403ad8,0x00000000c7780000)
 Metaspace       used 73448K, committed 74752K, reserved 1179648K
  class space    used 7633K, committed 8192K, reserved 1048576K
}
Event: 935.769 GC heap before
{Heap before GC invocations=98 (full 5):
 PSYoungGen      total 3584K, used 3575K [0x00000000eab00000, 0x00000000eb280000, 0x0000000100000000)
  eden space 1024K, 99% used [0x00000000eab00000,0x00000000eabfffd8,0x00000000eac00000)
  from space 2560K, 99% used [0x00000000eaf00000,0x00000000eb17dcd0,0x00000000eb180000)
  to   space 3072K, 0% used [0x00000000eac00000,0x00000000eac00000,0x00000000eaf00000)
 ParOldGen       total 122368K, used 118798K [0x00000000c0000000, 0x00000000c7780000, 0x00000000eab00000)
  object space 122368K, 97% used [0x00000000c0000000,0x00000000c7403ad8,0x00000000c7780000)
 Metaspace       used 73455K, committed 74752K, reserved 1179648K
  class space    used 7633K, committed 8192K, reserved 1048576K
}
Event: 935.773 GC heap after
{Heap after GC invocations=98 (full 5):
 PSYoungGen      total 2048K, used 715K [0x00000000eab00000, 0x00000000eaf80000, 0x0000000100000000)
  eden space 1024K, 0% used [0x00000000eab00000,0x00000000eab00000,0x00000000eac00000)
  from space 1024K, 69% used [0x00000000eac00000,0x00000000eacb2e88,0x00000000ead00000)
  to   space 1536K, 0% used [0x00000000eae00000,0x00000000eae00000,0x00000000eaf80000)
 ParOldGen       total 122368K, used 120950K [0x00000000c0000000, 0x00000000c7780000, 0x00000000eab00000)
  object space 122368K, 98% used [0x00000000c0000000,0x00000000c761dad8,0x00000000c7780000)
 Metaspace       used 73455K, committed 74752K, reserved 1179648K
  class space    used 7633K, committed 8192K, reserved 1048576K
}
Event: 935.773 GC heap before
{Heap before GC invocations=99 (full 6):
 PSYoungGen      total 2048K, used 715K [0x00000000eab00000, 0x00000000eaf80000, 0x0000000100000000)
  eden space 1024K, 0% used [0x00000000eab00000,0x00000000eab00000,0x00000000eac00000)
  from space 1024K, 69% used [0x00000000eac00000,0x00000000eacb2e88,0x00000000ead00000)
  to   space 1536K, 0% used [0x00000000eae00000,0x00000000eae00000,0x00000000eaf80000)
 ParOldGen       total 122368K, used 120950K [0x00000000c0000000, 0x00000000c7780000, 0x00000000eab00000)
  object space 122368K, 98% used [0x00000000c0000000,0x00000000c761dad8,0x00000000c7780000)
 Metaspace       used 73455K, committed 74752K, reserved 1179648K
  class space    used 7633K, committed 8192K, reserved 1048576K
}

